\BOOKMARK [1][-]{section.1}{Introdu\347\343o}{}% 1
\BOOKMARK [1][-]{section.2}{Metaheur\355sticas utilizadas}{}% 2
\BOOKMARK [2][-]{subsection.2.1}{GRASP}{section.2}% 3
\BOOKMARK [2][-]{subsection.2.2}{VNS}{section.2}% 4
\BOOKMARK [1][-]{section.3}{Metaheur\355stica aplicada ao problema}{}% 5
\BOOKMARK [2][-]{subsection.3.1}{GRASP}{section.3}% 6
\BOOKMARK [2][-]{subsection.3.2}{VNS}{section.3}% 7
\BOOKMARK [1][-]{section.4}{Complexidade}{}% 8
\BOOKMARK [2][-]{subsection.4.1}{GRASP}{section.4}% 9
\BOOKMARK [2][-]{subsection.4.2}{VNS}{section.4}% 10
\BOOKMARK [1][-]{section.5}{Casos teste utilizados}{}% 11
\BOOKMARK [1][-]{section.6}{Resultados e experimentos comparativos}{}% 12
\BOOKMARK [2][-]{subsection.6.1}{Compara\347\343o com algoritmo exato}{section.6}% 13
\BOOKMARK [2][-]{subsection.6.2}{Compara\347\343o com literatura}{section.6}% 14
\BOOKMARK [1][-]{section.7}{Conclus\365es}{}% 15
\BOOKMARK [1][-]{section.8}{Corre\347\365es do primeiro trabalho}{}% 16
\BOOKMARK [2][-]{subsection.8.1}{T\351cnica utilizada}{section.8}% 17
\BOOKMARK [2][-]{subsection.8.2}{Resultados}{section.8}% 18
\BOOKMARK [2][-]{subsection.8.3}{Conclus\365es}{section.8}% 19
\BOOKMARK [2][-]{subsection.8.4}{Considera\347\365es adicionais}{section.8}% 20
\BOOKMARK [1][-]{section.9}{Tabelas e figuras}{}% 21
